<?xml version="1.0" encoding="UTF-8"?>
<!-- Generated by org.testng.reporters.JUnitReportReporter -->
<testsuite skipped="0" hostname="ShivGee" name="com.testcases.registertestcase" tests="1" failures="0" timestamp="27 Apr 2020 19:40:09 GMT" time="2.510" errors="0">
  <testcase name="register" time="2.510" classname="com.testcases.registertestcase"/>
</testsuite> <!-- com.testcases.registertestcase -->
