<?xml version="1.0" encoding="UTF-8"?>
<!-- Generated by org.testng.reporters.JUnitReportReporter -->
<testsuite skipped="0" hostname="ShivGee" name="com.testcases.orangehrmlogintestcase" tests="1" failures="0" timestamp="14 May 2020 17:43:51 GMT" time="1.818" errors="0">
  <testcase name="login" time="1.818" classname="com.testcases.orangehrmlogintestcase"/>
</testsuite> <!-- com.testcases.orangehrmlogintestcase -->
