<?xml version="1.0" encoding="UTF-8"?>
<!-- Generated by org.testng.reporters.JUnitReportReporter -->
<testsuite skipped="0" hostname="ShivGee" name="com.testcases.orangehusefndantestcase" tests="1" failures="0" timestamp="28 Apr 2020 18:39:12 GMT" time="1.649" errors="0">
  <testcase name="loginpage" time="1.649" classname="com.testcases.orangehusefndantestcase"/>
</testsuite> <!-- com.testcases.orangehusefndantestcase -->
