<?xml version="1.0" encoding="UTF-8"?>
<!-- Generated by org.testng.reporters.JUnitReportReporter -->
<testsuite skipped="0" hostname="ShivGee" name="com.testcases.orangehrmloginadmintestcase" tests="1" failures="0" timestamp="18 May 2020 17:48:39 GMT" time="2.578" errors="0">
  <testcase name="admintab" time="2.578" classname="com.testcases.orangehrmloginadmintestcase"/>
</testsuite> <!-- com.testcases.orangehrmloginadmintestcase -->
