<?xml version="1.0" encoding="UTF-8"?>
<!-- Generated by org.testng.reporters.JUnitReportReporter -->
<testsuite skipped="0" hostname="ShivGee" name="com.testcases.orangehrmlogintestcase" tests="1" failures="0" timestamp="18 May 2020 17:48:39 GMT" time="1.329" errors="0">
  <testcase name="login" time="1.329" classname="com.testcases.orangehrmlogintestcase"/>
</testsuite> <!-- com.testcases.orangehrmlogintestcase -->
